<?xml version="1.0" encoding="UTF-8"?>
<!-- Generated by org.testng.reporters.JUnitReportReporter -->
<testsuite hostname="ASCINLAP60845" failures="0" tests="1" name="com.ashwin.Supertails.SupertailsTestNG" time="38.555" errors="0" timestamp="2024-11-07T21:42:48 IST" skipped="0">
  <testcase classname="com.ashwin.Supertails.SupertailsTestNG" name="f" time="38.555"/>
</testsuite> <!-- com.ashwin.Supertails.SupertailsTestNG -->
