<?xml version="1.0" encoding="UTF-8"?>
<!-- Generated by org.testng.reporters.JUnitReportReporter -->
<testsuite hostname="ASCINLAP60845" failures="0" tests="2" name="Odyssey.OdysseyTestNg" time="15.043" errors="0" timestamp="2024-11-08T19:25:56 IST" skipped="0">
  <testcase classname="Odyssey.OdysseyTestNg" name="f" time="8.844"/>
  <testcase classname="Odyssey.OdysseyTestNg" name="f" time="6.199"/>
</testsuite> <!-- Odyssey.OdysseyTestNg -->
